# JRE version: OpenJDK Runtime Environment (8.0_242-b01) (build 1.8.0_242-release-1644-b01)
# Java VM: OpenJDK 64-Bit Server VM (25.242-b01 mixed mode windows-amd64 compressed oops)
Heap:
 PSYoungGen      total 534016K, used 397393K [0x00000000d5580000, 0x00000000fb500000, 0x0000000100000000)
  eden space 466944K, 78% used [0x00000000d5580000,0x00000000ebb733e8,0x00000000f1d80000)
  from space 67072K, 45% used [0x00000000f5c00000,0x00000000f7a21370,0x00000000f9d80000)
  to   space 64000K, 0% used [0x00000000f1d80000,0x00000000f1d80000,0x00000000f5c00000)
 ParOldGen       total 261632K, used 79110K [0x0000000080000000, 0x000000008ff80000, 0x00000000d5580000)
  object space 261632K, 30% used [0x0000000080000000,0x0000000084d41888,0x000000008ff80000)
 Metaspace       used 104389K, capacity 111878K, committed 112040K, reserved 1146880K
  class space    used 13313K, capacity 14691K, committed 14768K, reserved 1048576K
GC Heap History (10 events):
Event: 1604.655 GC heap before
{Heap before GC invocations=27 (full 5):
 PSYoungGen      total 617984K, used 563805K [0x00000000d5580000, 0x0000000100000000, 0x0000000100000000)
  eden space 547840K, 100% used [0x00000000d5580000,0x00000000f6c80000,0x00000000f6c80000)
  from space 70144K, 22% used [0x00000000f6c80000,0x00000000f7c176b0,0x00000000fb100000)
  to   space 68608K, 0% used [0x00000000fbd00000,0x00000000fbd00000,0x0000000100000000)
 ParOldGen       total 261632K, used 79070K [0x0000000080000000, 0x000000008ff80000, 0x00000000d5580000)
  object space 261632K, 30% used [0x0000000080000000,0x0000000084d37888,0x000000008ff80000)
 Metaspace       used 101408K, capacity 108246K, committed 108328K, reserved 1142784K
  class space    used 13046K, capacity 14317K, committed 14384K, reserved 1048576K
Event: 1604.924 GC heap after
Heap after GC invocations=27 (full 5):
 PSYoungGen      total 551424K, used 20828K [0x00000000d5580000, 0x00000000fd680000, 0x0000000100000000)
  eden space 525312K, 0% used [0x00000000d5580000,0x00000000d5580000,0x00000000f5680000)
  from space 26112K, 79% used [0x00000000fbd00000,0x00000000fd157160,0x00000000fd680000)
  to   space 65536K, 0% used [0x00000000f5680000,0x00000000f5680000,0x00000000f9680000)
 ParOldGen       total 261632K, used 79078K [0x0000000080000000, 0x000000008ff80000, 0x00000000d5580000)
  object space 261632K, 30% used [0x0000000080000000,0x0000000084d39888,0x000000008ff80000)
 Metaspace       used 101408K, capacity 108246K, committed 108328K, reserved 1142784K
  class space    used 13046K, capacity 14317K, committed 14384K, reserved 1048576K
}
Event: 1619.321 GC heap before
{Heap before GC invocations=28 (full 5):
 PSYoungGen      total 551424K, used 546140K [0x00000000d5580000, 0x00000000fd680000, 0x0000000100000000)
  eden space 525312K, 100% used [0x00000000d5580000,0x00000000f5680000,0x00000000f5680000)
  from space 26112K, 79% used [0x00000000fbd00000,0x00000000fd157160,0x00000000fd680000)
  to   space 65536K, 0% used [0x00000000f5680000,0x00000000f5680000,0x00000000f9680000)
 ParOldGen       total 261632K, used 79078K [0x0000000080000000, 0x000000008ff80000, 0x00000000d5580000)
  object space 261632K, 30% used [0x0000000080000000,0x0000000084d39888,0x000000008ff80000)
 Metaspace       used 103005K, capacity 110116K, committed 110376K, reserved 1144832K
  class space    used 13238K, capacity 14526K, committed 14640K, reserved 1048576K
Event: 1619.436 GC heap after
Heap after GC invocations=28 (full 5):
 PSYoungGen      total 559104K, used 55084K [0x00000000d5580000, 0x00000000fce80000, 0x0000000100000000)
  eden space 503808K, 0% used [0x00000000d5580000,0x00000000d5580000,0x00000000f4180000)
  from space 55296K, 99% used [0x00000000f5680000,0x00000000f8c4b158,0x00000000f8c80000)
  to   space 67584K, 0% used [0x00000000f8c80000,0x00000000f8c80000,0x00000000fce80000)
 ParOldGen       total 261632K, used 79086K [0x0000000080000000, 0x000000008ff80000, 0x00000000d5580000)
  object space 261632K, 30% used [0x0000000080000000,0x0000000084d3b888,0x000000008ff80000)
 Metaspace       used 103005K, capacity 110116K, committed 110376K, reserved 1144832K
  class space    used 13238K, capacity 14526K, committed 14640K, reserved 1048576K
}
Event: 1663.369 GC heap before
{Heap before GC invocations=29 (full 5):
 PSYoungGen      total 559104K, used 558892K [0x00000000d5580000, 0x00000000fce80000, 0x0000000100000000)
  eden space 503808K, 100% used [0x00000000d5580000,0x00000000f4180000,0x00000000f4180000)
  from space 55296K, 99% used [0x00000000f5680000,0x00000000f8c4b158,0x00000000f8c80000)
  to   space 67584K, 0% used [0x00000000f8c80000,0x00000000f8c80000,0x00000000fce80000)
 ParOldGen       total 261632K, used 79086K [0x0000000080000000, 0x000000008ff80000, 0x00000000d5580000)
  object space 261632K, 30% used [0x0000000080000000,0x0000000084d3b888,0x000000008ff80000)
 Metaspace       used 103401K, capacity 110826K, committed 111144K, reserved 1146880K
  class space    used 13266K, capacity 14577K, committed 14640K, reserved 1048576K
Event: 1663.440 GC heap after
Heap after GC invocations=29 (full 5):
 PSYoungGen      total 523264K, used 25754K [0x00000000d5580000, 0x00000000fb380000, 0x0000000100000000)
  eden space 483328K, 0% used [0x00000000d5580000,0x00000000d5580000,0x00000000f2d80000)
  from space 39936K, 64% used [0x00000000f8c80000,0x00000000fa5a6b28,0x00000000fb380000)
  to   space 68608K, 0% used [0x00000000f2d80000,0x00000000f2d80000,0x00000000f7080000)
 ParOldGen       total 261632K, used 79094K [0x0000000080000000, 0x000000008ff80000, 0x00000000d5580000)
  object space 261632K, 30% used [0x0000000080000000,0x0000000084d3d888,0x000000008ff80000)
 Metaspace       used 103401K, capacity 110826K, committed 111144K, reserved 1146880K
  class space    used 13266K, capacity 14577K, committed 14640K, reserved 1048576K
}
Event: 1882.387 GC heap before
{Heap before GC invocations=30 (full 5):
 PSYoungGen      total 523264K, used 509082K [0x00000000d5580000, 0x00000000fb380000, 0x0000000100000000)
  eden space 483328K, 100% used [0x00000000d5580000,0x00000000f2d80000,0x00000000f2d80000)
  from space 39936K, 64% used [0x00000000f8c80000,0x00000000fa5a6b28,0x00000000fb380000)
  to   space 68608K, 0% used [0x00000000f2d80000,0x00000000f2d80000,0x00000000f7080000)
 ParOldGen       total 261632K, used 79094K [0x0000000080000000, 0x000000008ff80000, 0x00000000d5580000)
  object space 261632K, 30% used [0x0000000080000000,0x0000000084d3d888,0x000000008ff80000)
 Metaspace       used 103830K, capacity 111278K, committed 111400K, reserved 1146880K
  class space    used 13290K, capacity 14619K, committed 14640K, reserved 1048576K
Event: 1882.511 GC heap after
Heap after GC invocations=30 (full 5):
 PSYoungGen      total 480768K, used 16533K [0x00000000d5580000, 0x00000000f9d80000, 0x0000000100000000)
  eden space 463872K, 0% used [0x00000000d5580000,0x00000000d5580000,0x00000000f1a80000)
  from space 16896K, 97% used [0x00000000f2d80000,0x00000000f3da5508,0x00000000f3e00000)
  to   space 67072K, 0% used [0x00000000f5c00000,0x00000000f5c00000,0x00000000f9d80000)
 ParOldGen       total 261632K, used 79102K [0x0000000080000000, 0x000000008ff80000, 0x00000000d5580000)
  object space 261632K, 30% used [0x0000000080000000,0x0000000084d3f888,0x000000008ff80000)
 Metaspace       used 103830K, capacity 111278K, committed 111400K, reserved 1146880K
  class space    used 13290K, capacity 14619K, committed 14640K, reserved 1048576K
}
Event: 1885.205 GC heap before
{Heap before GC invocations=31 (full 5):
 PSYoungGen      total 480768K, used 479818K [0x00000000d5580000, 0x00000000f9d80000, 0x0000000100000000)
  eden space 463872K, 99% used [0x00000000d5580000,0x00000000f19ed558,0x00000000f1a80000)
  from space 16896K, 97% used [0x00000000f2d80000,0x00000000f3da5508,0x00000000f3e00000)
  to   space 67072K, 0% used [0x00000000f5c00000,0x00000000f5c00000,0x00000000f9d80000)
 ParOldGen       total 261632K, used 79102K [0x0000000080000000, 0x000000008ff80000, 0x00000000d5580000)
  object space 261632K, 30% used [0x0000000080000000,0x0000000084d3f888,0x000000008ff80000)
 Metaspace       used 104186K, capacity 111710K, committed 112040K, reserved 1146880K
  class space    used 13312K, capacity 14659K, committed 14768K, reserved 1048576K
Event: 1885.300 GC heap after
Heap after GC invocations=31 (full 5):
 PSYoungGen      total 534016K, used 30852K [0x00000000d5580000, 0x00000000fb500000, 0x0000000100000000)
  eden space 466944K, 0% used [0x00000000d5580000,0x00000000d5580000,0x00000000f1d80000)
  from space 67072K, 45% used [0x00000000f5c00000,0x00000000f7a21370,0x00000000f9d80000)
  to   space 64000K, 0% used [0x00000000f1d80000,0x00000000f1d80000,0x00000000f5c00000)
 ParOldGen       total 261632K, used 79110K [0x0000000080000000, 0x000000008ff80000, 0x00000000d5580000)
  object space 261632K, 30% used [0x0000000080000000,0x0000000084d41888,0x000000008ff80000)
 Metaspace       used 104186K, capacity 111710K, committed 112040K, reserved 1146880K
  class space    used 13312K, capacity 14659K, committed 14768K, reserved 1048576K
}

