# JRE version: OpenJDK Runtime Environment (8.0_242-b01) (build 1.8.0_242-release-1644-b01)
# Java VM: OpenJDK 64-Bit Server VM (25.242-b01 mixed mode windows-amd64 compressed oops)
Heap:
 PSYoungGen      total 244736K, used 243387K [0x00000000d5580000, 0x00000000e8b00000, 0x0000000100000000)
  eden space 224256K, 100% used [0x00000000d5580000,0x00000000e3080000,0x00000000e3080000)
  from space 20480K, 93% used [0x00000000e3080000,0x00000000e432eef8,0x00000000e4480000)
  to   space 23040K, 95% used [0x00000000e7480000,0x00000000e89e3520,0x00000000e8b00000)
 ParOldGen       total 118784K, used 33964K [0x0000000080000000, 0x0000000087400000, 0x00000000d5580000)
  object space 118784K, 28% used [0x0000000080000000,0x000000008212b160,0x0000000087400000)
 Metaspace       used 68242K, capacity 71920K, committed 72088K, reserved 1112064K
  class space    used 9209K, capacity 9884K, committed 9904K, reserved 1048576K
GC Heap History (10 events):
Event: 9.613 GC heap after
Heap after GC invocations=12 (full 2):
 PSYoungGen      total 181248K, used 11178K [0x00000000d5580000, 0x00000000e1a00000, 0x0000000100000000)
  eden space 169984K, 0% used [0x00000000d5580000,0x00000000d5580000,0x00000000dfb80000)
  from space 11264K, 99% used [0x00000000e0f00000,0x00000000e19eaab8,0x00000000e1a00000)
  to   space 13824K, 0% used [0x00000000dff00000,0x00000000dff00000,0x00000000e0c80000)
 ParOldGen       total 74752K, used 17452K [0x0000000080000000, 0x0000000084900000, 0x00000000d5580000)
  object space 74752K, 23% used [0x0000000080000000,0x000000008110b308,0x0000000084900000)
 Metaspace       used 39779K, capacity 41540K, committed 41768K, reserved 1085440K
  class space    used 5490K, capacity 5862K, committed 5936K, reserved 1048576K
}
Event: 12.116 GC heap before
{Heap before GC invocations=13 (full 2):
 PSYoungGen      total 181248K, used 181162K [0x00000000d5580000, 0x00000000e1a00000, 0x0000000100000000)
  eden space 169984K, 100% used [0x00000000d5580000,0x00000000dfb80000,0x00000000dfb80000)
  from space 11264K, 99% used [0x00000000e0f00000,0x00000000e19eaab8,0x00000000e1a00000)
  to   space 13824K, 0% used [0x00000000dff00000,0x00000000dff00000,0x00000000e0c80000)
 ParOldGen       total 74752K, used 17452K [0x0000000080000000, 0x0000000084900000, 0x00000000d5580000)
  object space 74752K, 23% used [0x0000000080000000,0x000000008110b308,0x0000000084900000)
 Metaspace       used 54818K, capacity 57040K, committed 57128K, reserved 1097728K
  class space    used 7480K, capacity 7931K, committed 7984K, reserved 1048576K
Event: 12.146 GC heap after
Heap after GC invocations=13 (full 2):
 PSYoungGen      total 187392K, used 13812K [0x00000000d5580000, 0x00000000e5900000, 0x0000000100000000)
  eden space 173568K, 0% used [0x00000000d5580000,0x00000000d5580000,0x00000000dff00000)
  from space 13824K, 99% used [0x00000000dff00000,0x00000000e0c7d2e8,0x00000000e0c80000)
  to   space 20992K, 0% used [0x00000000e4480000,0x00000000e4480000,0x00000000e5900000)
 ParOldGen       total 74752K, used 31571K [0x0000000080000000, 0x0000000084900000, 0x00000000d5580000)
  object space 74752K, 42% used [0x0000000080000000,0x0000000081ed4c98,0x0000000084900000)
 Metaspace       used 54818K, capacity 57040K, committed 57128K, reserved 1097728K
  class space    used 7480K, capacity 7931K, committed 7984K, reserved 1048576K
}
Event: 12.760 GC heap before
{Heap before GC invocations=14 (full 2):
 PSYoungGen      total 187392K, used 56697K [0x00000000d5580000, 0x00000000e5900000, 0x0000000100000000)
  eden space 173568K, 24% used [0x00000000d5580000,0x00000000d7f61480,0x00000000dff00000)
  from space 13824K, 99% used [0x00000000dff00000,0x00000000e0c7d2e8,0x00000000e0c80000)
  to   space 20992K, 0% used [0x00000000e4480000,0x00000000e4480000,0x00000000e5900000)
 ParOldGen       total 74752K, used 31571K [0x0000000080000000, 0x0000000084900000, 0x00000000d5580000)
  object space 74752K, 42% used [0x0000000080000000,0x0000000081ed4c98,0x0000000084900000)
 Metaspace       used 56614K, capacity 58974K, committed 59160K, reserved 1099776K
  class space    used 7741K, capacity 8209K, committed 8240K, reserved 1048576K
Event: 12.790 GC heap after
Heap after GC invocations=14 (full 2):
 PSYoungGen      total 245248K, used 4199K [0x00000000d5580000, 0x00000000e6400000, 0x0000000100000000)
  eden space 224256K, 0% used [0x00000000d5580000,0x00000000d5580000,0x00000000e3080000)
  from space 20992K, 20% used [0x00000000e4480000,0x00000000e4899c40,0x00000000e5900000)
  to   space 20480K, 0% used [0x00000000e3080000,0x00000000e3080000,0x00000000e4480000)
 ParOldGen       total 74752K, used 42891K [0x0000000080000000, 0x0000000084900000, 0x00000000d5580000)
  object space 74752K, 57% used [0x0000000080000000,0x00000000829e2d40,0x0000000084900000)
 Metaspace       used 56614K, capacity 58974K, committed 59160K, reserved 1099776K
  class space    used 7741K, capacity 8209K, committed 8240K, reserved 1048576K
}
Event: 12.790 GC heap before
{Heap before GC invocations=15 (full 3):
 PSYoungGen      total 245248K, used 4199K [0x00000000d5580000, 0x00000000e6400000, 0x0000000100000000)
  eden space 224256K, 0% used [0x00000000d5580000,0x00000000d5580000,0x00000000e3080000)
  from space 20992K, 20% used [0x00000000e4480000,0x00000000e4899c40,0x00000000e5900000)
  to   space 20480K, 0% used [0x00000000e3080000,0x00000000e3080000,0x00000000e4480000)
 ParOldGen       total 74752K, used 42891K [0x0000000080000000, 0x0000000084900000, 0x00000000d5580000)
  object space 74752K, 57% used [0x0000000080000000,0x00000000829e2d40,0x0000000084900000)
 Metaspace       used 56614K, capacity 58974K, committed 59160K, reserved 1099776K
  class space    used 7741K, capacity 8209K, committed 8240K, reserved 1048576K
Event: 13.247 GC heap after
Heap after GC invocations=15 (full 3):
 PSYoungGen      total 245248K, used 0K [0x00000000d5580000, 0x00000000e6400000, 0x0000000100000000)
  eden space 224256K, 0% used [0x00000000d5580000,0x00000000d5580000,0x00000000e3080000)
  from space 20992K, 0% used [0x00000000e4480000,0x00000000e4480000,0x00000000e5900000)
  to   space 20480K, 0% used [0x00000000e3080000,0x00000000e3080000,0x00000000e4480000)
 ParOldGen       total 118784K, used 33948K [0x0000000080000000, 0x0000000087400000, 0x00000000d5580000)
  object space 118784K, 28% used [0x0000000080000000,0x0000000082127160,0x0000000087400000)
 Metaspace       used 56566K, capacity 58812K, committed 59160K, reserved 1099776K
  class space    used 7727K, capacity 8182K, committed 8240K, reserved 1048576K
}
Event: 16.045 GC heap before
{Heap before GC invocations=16 (full 3):
 PSYoungGen      total 245248K, used 224256K [0x00000000d5580000, 0x00000000e6400000, 0x0000000100000000)
  eden space 224256K, 100% used [0x00000000d5580000,0x00000000e3080000,0x00000000e3080000)
  from space 20992K, 0% used [0x00000000e4480000,0x00000000e4480000,0x00000000e5900000)
  to   space 20480K, 0% used [0x00000000e3080000,0x00000000e3080000,0x00000000e4480000)
 ParOldGen       total 118784K, used 33948K [0x0000000080000000, 0x0000000087400000, 0x00000000d5580000)
  object space 118784K, 28% used [0x0000000080000000,0x0000000082127160,0x0000000087400000)
 Metaspace       used 64562K, capacity 68162K, committed 68248K, reserved 1107968K
  class space    used 8928K, capacity 9579K, committed 9648K, reserved 1048576K
Event: 16.070 GC heap after
Heap after GC invocations=16 (full 3):
 PSYoungGen      total 244736K, used 19131K [0x00000000d5580000, 0x00000000e8b00000, 0x0000000100000000)
  eden space 224256K, 0% used [0x00000000d5580000,0x00000000d5580000,0x00000000e3080000)
  from space 20480K, 93% used [0x00000000e3080000,0x00000000e432eef8,0x00000000e4480000)
  to   space 23040K, 0% used [0x00000000e7480000,0x00000000e7480000,0x00000000e8b00000)
 ParOldGen       total 118784K, used 33956K [0x0000000080000000, 0x0000000087400000, 0x00000000d5580000)
  object space 118784K, 28% used [0x0000000080000000,0x0000000082129160,0x0000000087400000)
 Metaspace       used 64562K, capacity 68162K, committed 68248K, reserved 1107968K
  class space    used 8928K, capacity 9579K, committed 9648K, reserved 1048576K
}
Event: 65.111 GC heap before
{Heap before GC invocations=17 (full 3):
 PSYoungGen      total 244736K, used 243387K [0x00000000d5580000, 0x00000000e8b00000, 0x0000000100000000)
  eden space 224256K, 100% used [0x00000000d5580000,0x00000000e3080000,0x00000000e3080000)
  from space 20480K, 93% used [0x00000000e3080000,0x00000000e432eef8,0x00000000e4480000)
  to   space 23040K, 0% used [0x00000000e7480000,0x00000000e7480000,0x00000000e8b00000)
 ParOldGen       total 118784K, used 33956K [0x0000000080000000, 0x0000000087400000, 0x00000000d5580000)
  object space 118784K, 28% used [0x0000000080000000,0x0000000082129160,0x0000000087400000)
 Metaspace       used 68242K, capacity 71920K, committed 72088K, reserved 1112064K
  class space    used 9209K, capacity 9884K, committed 9904K, reserved 1048576K

