# JRE version: OpenJDK Runtime Environment (8.0_242-b01) (build 1.8.0_242-release-1644-b01)
# Java VM: OpenJDK 64-Bit Server VM (25.242-b01 mixed mode windows-amd64 compressed oops)
Heap:
 PSYoungGen      total 352768K, used 239407K [0x00000000d5580000, 0x00000000f4a80000, 0x0000000100000000)
  eden space 322048K, 64% used [0x00000000d5580000,0x00000000e2151d48,0x00000000e9000000)
  from space 30720K, 99% used [0x00000000e9000000,0x00000000eadfa108,0x00000000eae00000)
  to   space 44544K, 0% used [0x00000000f1f00000,0x00000000f1f00000,0x00000000f4a80000)
 ParOldGen       total 123392K, used 58546K [0x0000000080000000, 0x0000000087880000, 0x00000000d5580000)
  object space 123392K, 47% used [0x0000000080000000,0x000000008392c8f8,0x0000000087880000)
 Metaspace       used 87956K, capacity 93184K, committed 93464K, reserved 1130496K
  class space    used 12066K, capacity 12995K, committed 13096K, reserved 1048576K
GC Heap History (10 events):
Event: 17.503 GC heap before
{Heap before GC invocations=12 (full 2):
 PSYoungGen      total 207872K, used 37665K [0x00000000d5580000, 0x00000000e7580000, 0x0000000100000000)
  eden space 193024K, 11% used [0x00000000d5580000,0x00000000d6bcb100,0x00000000e1200000)
  from space 14848K, 99% used [0x00000000e1200000,0x00000000e207d300,0x00000000e2080000)
  to   space 23040K, 0% used [0x00000000e5f00000,0x00000000e5f00000,0x00000000e7580000)
 ParOldGen       total 86016K, used 32433K [0x0000000080000000, 0x0000000085400000, 0x00000000d5580000)
  object space 86016K, 37% used [0x0000000080000000,0x0000000081fac4d8,0x0000000085400000)
 Metaspace       used 56600K, capacity 58970K, committed 59160K, reserved 1099776K
  class space    used 7731K, capacity 8205K, committed 8232K, reserved 1048576K
Event: 17.520 GC heap after
Heap after GC invocations=12 (full 2):
 PSYoungGen      total 270848K, used 16940K [0x00000000d5580000, 0x00000000e8e00000, 0x0000000100000000)
  eden space 247808K, 0% used [0x00000000d5580000,0x00000000d5580000,0x00000000e4780000)
  from space 23040K, 73% used [0x00000000e5f00000,0x00000000e6f8b170,0x00000000e7580000)
  to   space 24064K, 0% used [0x00000000e4780000,0x00000000e4780000,0x00000000e5f00000)
 ParOldGen       total 86016K, used 32433K [0x0000000080000000, 0x0000000085400000, 0x00000000d5580000)
  object space 86016K, 37% used [0x0000000080000000,0x0000000081fac4d8,0x0000000085400000)
 Metaspace       used 56600K, capacity 58970K, committed 59160K, reserved 1099776K
  class space    used 7731K, capacity 8205K, committed 8232K, reserved 1048576K
}
Event: 17.520 GC heap before
{Heap before GC invocations=13 (full 3):
 PSYoungGen      total 270848K, used 16940K [0x00000000d5580000, 0x00000000e8e00000, 0x0000000100000000)
  eden space 247808K, 0% used [0x00000000d5580000,0x00000000d5580000,0x00000000e4780000)
  from space 23040K, 73% used [0x00000000e5f00000,0x00000000e6f8b170,0x00000000e7580000)
  to   space 24064K, 0% used [0x00000000e4780000,0x00000000e4780000,0x00000000e5f00000)
 ParOldGen       total 86016K, used 32433K [0x0000000080000000, 0x0000000085400000, 0x00000000d5580000)
  object space 86016K, 37% used [0x0000000080000000,0x0000000081fac4d8,0x0000000085400000)
 Metaspace       used 56600K, capacity 58970K, committed 59160K, reserved 1099776K
  class space    used 7731K, capacity 8205K, committed 8232K, reserved 1048576K
Event: 17.719 GC heap after
Heap after GC invocations=13 (full 3):
 PSYoungGen      total 270848K, used 0K [0x00000000d5580000, 0x00000000e8e00000, 0x0000000100000000)
  eden space 247808K, 0% used [0x00000000d5580000,0x00000000d5580000,0x00000000e4780000)
  from space 23040K, 0% used [0x00000000e5f00000,0x00000000e5f00000,0x00000000e7580000)
  to   space 24064K, 0% used [0x00000000e4780000,0x00000000e4780000,0x00000000e5f00000)
 ParOldGen       total 123392K, used 33660K [0x0000000080000000, 0x0000000087880000, 0x00000000d5580000)
  object space 123392K, 27% used [0x0000000080000000,0x00000000820df158,0x0000000087880000)
 Metaspace       used 56551K, capacity 58802K, committed 59160K, reserved 1099776K
  class space    used 7716K, capacity 8177K, committed 8232K, reserved 1048576K
}
Event: 20.794 GC heap before
{Heap before GC invocations=14 (full 3):
 PSYoungGen      total 270848K, used 247808K [0x00000000d5580000, 0x00000000e8e00000, 0x0000000100000000)
  eden space 247808K, 100% used [0x00000000d5580000,0x00000000e4780000,0x00000000e4780000)
  from space 23040K, 0% used [0x00000000e5f00000,0x00000000e5f00000,0x00000000e7580000)
  to   space 24064K, 0% used [0x00000000e4780000,0x00000000e4780000,0x00000000e5f00000)
 ParOldGen       total 123392K, used 33660K [0x0000000080000000, 0x0000000087880000, 0x00000000d5580000)
  object space 123392K, 27% used [0x0000000080000000,0x00000000820df158,0x0000000087880000)
 Metaspace       used 64588K, capacity 68080K, committed 68248K, reserved 1107968K
  class space    used 8908K, capacity 9546K, committed 9640K, reserved 1048576K
Event: 20.825 GC heap after
Heap after GC invocations=14 (full 3):
 PSYoungGen      total 271872K, used 22253K [0x00000000d5580000, 0x00000000ec880000, 0x0000000100000000)
  eden space 247808K, 0% used [0x00000000d5580000,0x00000000d5580000,0x00000000e4780000)
  from space 24064K, 92% used [0x00000000e4780000,0x00000000e5d3b5a0,0x00000000e5f00000)
  to   space 27136K, 0% used [0x00000000eae00000,0x00000000eae00000,0x00000000ec880000)
 ParOldGen       total 123392K, used 33668K [0x0000000080000000, 0x0000000087880000, 0x00000000d5580000)
  object space 123392K, 27% used [0x0000000080000000,0x00000000820e1158,0x0000000087880000)
 Metaspace       used 64588K, capacity 68080K, committed 68248K, reserved 1107968K
  class space    used 8908K, capacity 9546K, committed 9640K, reserved 1048576K
}
Event: 22.938 GC heap before
{Heap before GC invocations=15 (full 3):
 PSYoungGen      total 271872K, used 270061K [0x00000000d5580000, 0x00000000ec880000, 0x0000000100000000)
  eden space 247808K, 100% used [0x00000000d5580000,0x00000000e4780000,0x00000000e4780000)
  from space 24064K, 92% used [0x00000000e4780000,0x00000000e5d3b5a0,0x00000000e5f00000)
  to   space 27136K, 0% used [0x00000000eae00000,0x00000000eae00000,0x00000000ec880000)
 ParOldGen       total 123392K, used 33668K [0x0000000080000000, 0x0000000087880000, 0x00000000d5580000)
  object space 123392K, 27% used [0x0000000080000000,0x00000000820e1158,0x0000000087880000)
 Metaspace       used 67271K, capacity 70958K, committed 71192K, reserved 1110016K
  class space    used 9219K, capacity 9903K, committed 10024K, reserved 1048576K
Event: 22.972 GC heap after
Heap after GC invocations=15 (full 3):
 PSYoungGen      total 349184K, used 26556K [0x00000000d5580000, 0x00000000ecd00000, 0x0000000100000000)
  eden space 322048K, 0% used [0x00000000d5580000,0x00000000d5580000,0x00000000e9000000)
  from space 27136K, 97% used [0x00000000eae00000,0x00000000ec7ef338,0x00000000ec880000)
  to   space 30720K, 0% used [0x00000000e9000000,0x00000000e9000000,0x00000000eae00000)
 ParOldGen       total 123392K, used 33676K [0x0000000080000000, 0x0000000087880000, 0x00000000d5580000)
  object space 123392K, 27% used [0x0000000080000000,0x00000000820e3158,0x0000000087880000)
 Metaspace       used 67271K, capacity 70958K, committed 71192K, reserved 1110016K
  class space    used 9219K, capacity 9903K, committed 10024K, reserved 1048576K
}
Event: 31.401 GC heap before
{Heap before GC invocations=16 (full 3):
 PSYoungGen      total 349184K, used 348604K [0x00000000d5580000, 0x00000000ecd00000, 0x0000000100000000)
  eden space 322048K, 100% used [0x00000000d5580000,0x00000000e9000000,0x00000000e9000000)
  from space 27136K, 97% used [0x00000000eae00000,0x00000000ec7ef338,0x00000000ec880000)
  to   space 30720K, 0% used [0x00000000e9000000,0x00000000e9000000,0x00000000eae00000)
 ParOldGen       total 123392K, used 33676K [0x0000000080000000, 0x0000000087880000, 0x00000000d5580000)
  object space 123392K, 27% used [0x0000000080000000,0x00000000820e3158,0x0000000087880000)
 Metaspace       used 76258K, capacity 80232K, committed 80536K, reserved 1118208K
  class space    used 10345K, capacity 11078K, committed 11176K, reserved 1048576K
Event: 31.652 GC heap after
Heap after GC invocations=16 (full 3):
 PSYoungGen      total 352768K, used 30696K [0x00000000d5580000, 0x00000000f4a80000, 0x0000000100000000)
  eden space 322048K, 0% used [0x00000000d5580000,0x00000000d5580000,0x00000000e9000000)
  from space 30720K, 99% used [0x00000000e9000000,0x00000000eadfa108,0x00000000eae00000)
  to   space 44544K, 0% used [0x00000000f1f00000,0x00000000f1f00000,0x00000000f4a80000)
 ParOldGen       total 123392K, used 58546K [0x0000000080000000, 0x0000000087880000, 0x00000000d5580000)
  object space 123392K, 47% used [0x0000000080000000,0x000000008392c8f8,0x0000000087880000)
 Metaspace       used 76258K, capacity 80232K, committed 80536K, reserved 1118208K
  class space    used 10345K, capacity 11078K, committed 11176K, reserved 1048576K
}

