# JRE version: OpenJDK Runtime Environment (8.0_242-b01) (build 1.8.0_242-release-1644-b01)
# Java VM: OpenJDK 64-Bit Server VM (25.242-b01 mixed mode windows-amd64 compressed oops)
Heap:
 PSYoungGen      total 126976K, used 108107K [0x00000000d5580000, 0x00000000de880000, 0x0000000100000000)
  eden space 118272K, 84% used [0x00000000d5580000,0x00000000db7010d8,0x00000000dc900000)
  from space 8704K, 94% used [0x00000000de000000,0x00000000de811bb8,0x00000000de880000)
  to   space 11264K, 60% used [0x00000000dd280000,0x00000000dd934010,0x00000000ddd80000)
 ParOldGen       total 50176K, used 6883K [0x0000000080000000, 0x0000000083100000, 0x00000000d5580000)
  object space 50176K, 13% used [0x0000000080000000,0x00000000806b8f30,0x0000000083100000)
 Metaspace       used 34343K, capacity 35420K, committed 35496K, reserved 1079296K
  class space    used 4732K, capacity 5003K, committed 5040K, reserved 1048576K
GC Heap History (10 events):
Event: 3.318 GC heap after
Heap after GC invocations=5 (full 0):
 PSYoungGen      total 38400K, used 5104K [0x00000000d5580000, 0x00000000da980000, 0x0000000100000000)
  eden space 33280K, 0% used [0x00000000d5580000,0x00000000d5580000,0x00000000d7600000)
  from space 5120K, 99% used [0x00000000d7600000,0x00000000d7afc050,0x00000000d7b00000)
  to   space 9728K, 0% used [0x00000000da000000,0x00000000da000000,0x00000000da980000)
 ParOldGen       total 87552K, used 5800K [0x0000000080000000, 0x0000000085580000, 0x00000000d5580000)
  object space 87552K, 6% used [0x0000000080000000,0x00000000805aa100,0x0000000085580000)
 Metaspace       used 17407K, capacity 17988K, committed 18304K, reserved 1064960K
  class space    used 2380K, capacity 2564K, committed 2688K, reserved 1048576K
}
Event: 3.675 GC heap before
{Heap before GC invocations=6 (full 0):
 PSYoungGen      total 38400K, used 38384K [0x00000000d5580000, 0x00000000da980000, 0x0000000100000000)
  eden space 33280K, 100% used [0x00000000d5580000,0x00000000d7600000,0x00000000d7600000)
  from space 5120K, 99% used [0x00000000d7600000,0x00000000d7afc050,0x00000000d7b00000)
  to   space 9728K, 0% used [0x00000000da000000,0x00000000da000000,0x00000000da980000)
 ParOldGen       total 87552K, used 5800K [0x0000000080000000, 0x0000000085580000, 0x00000000d5580000)
  object space 87552K, 6% used [0x0000000080000000,0x00000000805aa100,0x0000000085580000)
 Metaspace       used 20328K, capacity 20936K, committed 20992K, reserved 1067008K
  class space    used 2835K, capacity 3044K, committed 3072K, reserved 1048576K
Event: 3.684 GC heap after
Heap after GC invocations=6 (full 0):
 PSYoungGen      total 75264K, used 9043K [0x00000000d5580000, 0x00000000dab80000, 0x0000000100000000)
  eden space 65536K, 0% used [0x00000000d5580000,0x00000000d5580000,0x00000000d9580000)
  from space 9728K, 92% used [0x00000000da000000,0x00000000da8d4f60,0x00000000da980000)
  to   space 10752K, 0% used [0x00000000d9580000,0x00000000d9580000,0x00000000da000000)
 ParOldGen       total 87552K, used 5808K [0x0000000080000000, 0x0000000085580000, 0x00000000d5580000)
  object space 87552K, 6% used [0x0000000080000000,0x00000000805ac100,0x0000000085580000)
 Metaspace       used 20328K, capacity 20936K, committed 20992K, reserved 1067008K
  class space    used 2835K, capacity 3044K, committed 3072K, reserved 1048576K
}
Event: 3.722 GC heap before
{Heap before GC invocations=7 (full 0):
 PSYoungGen      total 75264K, used 15569K [0x00000000d5580000, 0x00000000dab80000, 0x0000000100000000)
  eden space 65536K, 9% used [0x00000000d5580000,0x00000000d5bdf898,0x00000000d9580000)
  from space 9728K, 92% used [0x00000000da000000,0x00000000da8d4f60,0x00000000da980000)
  to   space 10752K, 0% used [0x00000000d9580000,0x00000000d9580000,0x00000000da000000)
 ParOldGen       total 87552K, used 5808K [0x0000000080000000, 0x0000000085580000, 0x00000000d5580000)
  object space 87552K, 6% used [0x0000000080000000,0x00000000805ac100,0x0000000085580000)
 Metaspace       used 20561K, capacity 21224K, committed 21296K, reserved 1067008K
  class space    used 2872K, capacity 3076K, committed 3120K, reserved 1048576K
Event: 3.728 GC heap after
Heap after GC invocations=7 (full 0):
 PSYoungGen      total 76288K, used 4292K [0x00000000d5580000, 0x00000000dea80000, 0x0000000100000000)
  eden space 65536K, 0% used [0x00000000d5580000,0x00000000d5580000,0x00000000d9580000)
  from space 10752K, 39% used [0x00000000d9580000,0x00000000d99b1050,0x00000000da000000)
  to   space 10752K, 0% used [0x00000000de000000,0x00000000de000000,0x00000000dea80000)
 ParOldGen       total 87552K, used 8252K [0x0000000080000000, 0x0000000085580000, 0x00000000d5580000)
  object space 87552K, 9% used [0x0000000080000000,0x000000008080f160,0x0000000085580000)
 Metaspace       used 20561K, capacity 21224K, committed 21296K, reserved 1067008K
  class space    used 2872K, capacity 3076K, committed 3120K, reserved 1048576K
}
Event: 3.728 GC heap before
{Heap before GC invocations=8 (full 1):
 PSYoungGen      total 76288K, used 4292K [0x00000000d5580000, 0x00000000dea80000, 0x0000000100000000)
  eden space 65536K, 0% used [0x00000000d5580000,0x00000000d5580000,0x00000000d9580000)
  from space 10752K, 39% used [0x00000000d9580000,0x00000000d99b1050,0x00000000da000000)
  to   space 10752K, 0% used [0x00000000de000000,0x00000000de000000,0x00000000dea80000)
 ParOldGen       total 87552K, used 8252K [0x0000000080000000, 0x0000000085580000, 0x00000000d5580000)
  object space 87552K, 9% used [0x0000000080000000,0x000000008080f160,0x0000000085580000)
 Metaspace       used 20561K, capacity 21224K, committed 21296K, reserved 1067008K
  class space    used 2872K, capacity 3076K, committed 3120K, reserved 1048576K
Event: 3.764 GC heap after
Heap after GC invocations=8 (full 1):
 PSYoungGen      total 76288K, used 0K [0x00000000d5580000, 0x00000000dea80000, 0x0000000100000000)
  eden space 65536K, 0% used [0x00000000d5580000,0x00000000d5580000,0x00000000d9580000)
  from space 10752K, 0% used [0x00000000d9580000,0x00000000d9580000,0x00000000da000000)
  to   space 10752K, 0% used [0x00000000de000000,0x00000000de000000,0x00000000dea80000)
 ParOldGen       total 50176K, used 6867K [0x0000000080000000, 0x0000000083100000, 0x00000000d5580000)
  object space 50176K, 13% used [0x0000000080000000,0x00000000806b4f30,0x0000000083100000)
 Metaspace       used 20561K, capacity 21224K, committed 21296K, reserved 1067008K
  class space    used 2872K, capacity 3076K, committed 3120K, reserved 1048576K
}
Event: 4.890 GC heap before
{Heap before GC invocations=9 (full 1):
 PSYoungGen      total 76288K, used 65536K [0x00000000d5580000, 0x00000000dea80000, 0x0000000100000000)
  eden space 65536K, 100% used [0x00000000d5580000,0x00000000d9580000,0x00000000d9580000)
  from space 10752K, 0% used [0x00000000d9580000,0x00000000d9580000,0x00000000da000000)
  to   space 10752K, 0% used [0x00000000de000000,0x00000000de000000,0x00000000dea80000)
 ParOldGen       total 50176K, used 6867K [0x0000000080000000, 0x0000000083100000, 0x00000000d5580000)
  object space 50176K, 13% used [0x0000000080000000,0x00000000806b4f30,0x0000000083100000)
 Metaspace       used 28553K, capacity 29380K, committed 29616K, reserved 1075200K
  class space    used 3955K, capacity 4188K, committed 4272K, reserved 1048576K
Event: 4.906 GC heap after
Heap after GC invocations=9 (full 1):
 PSYoungGen      total 126976K, used 8262K [0x00000000d5580000, 0x00000000de880000, 0x0000000100000000)
  eden space 118272K, 0% used [0x00000000d5580000,0x00000000d5580000,0x00000000dc900000)
  from space 8704K, 94% used [0x00000000de000000,0x00000000de811bb8,0x00000000de880000)
  to   space 11264K, 0% used [0x00000000dd280000,0x00000000dd280000,0x00000000ddd80000)
 ParOldGen       total 50176K, used 6875K [0x0000000080000000, 0x0000000083100000, 0x00000000d5580000)
  object space 50176K, 13% used [0x0000000080000000,0x00000000806b6f30,0x0000000083100000)
 Metaspace       used 28553K, capacity 29380K, committed 29616K, reserved 1075200K
  class space    used 3955K, capacity 4188K, committed 4272K, reserved 1048576K
}
Event: 5.715 GC heap before
{Heap before GC invocations=10 (full 1):
 PSYoungGen      total 126976K, used 108107K [0x00000000d5580000, 0x00000000de880000, 0x0000000100000000)
  eden space 118272K, 84% used [0x00000000d5580000,0x00000000db7010d8,0x00000000dc900000)
  from space 8704K, 94% used [0x00000000de000000,0x00000000de811bb8,0x00000000de880000)
  to   space 11264K, 0% used [0x00000000dd280000,0x00000000dd280000,0x00000000ddd80000)
 ParOldGen       total 50176K, used 6875K [0x0000000080000000, 0x0000000083100000, 0x00000000d5580000)
  object space 50176K, 13% used [0x0000000080000000,0x00000000806b6f30,0x0000000083100000)
 Metaspace       used 34343K, capacity 35420K, committed 35496K, reserved 1079296K
  class space    used 4732K, capacity 5003K, committed 5040K, reserved 1048576K

